빌드 시작: 2012-09-09 오후 8:45:19
     1>2 노드의 "C:\Users\Administrator\Documents\GitHub\SWMaestro---Social-Smart-Game\SketchGame\SketchGame\proj.win32\SketchGame.win32.vcxproj" 프로젝트(Build 대상)입니다.
     1>InitializeBuildStatus:
         "Debug.win32\SketchGame.win32.unsuccessfulbuild"에 연결(touching)하고 있습니다.
       ClCompile:
         모든 출력이 최신 상태입니다.
       ResourceCompile:
         모든 출력이 최신 상태입니다.
       Link:
         C:\Program Files (x86)\Microsoft Visual Studio 11.0\VC\bin\link.exe /ERRORREPORT:PROMPT /OUT:"C:\Users\Administrator\Documents\GitHub\SWMaestro---Social-Smart-Game\SketchGame\Debug.win32\SketchGame.win32.exe" /INCREMENTAL /NOLOGO /LIBPATH:"C:\Users\Administrator\Documents\GitHub\SWMaestro---Social-Smart-Game\SketchGame\Debug.win32\\" libcocos2d.lib opengl32.lib glew32.lib kernel32.lib user32.lib gdi32.lib winspool.lib comdlg32.lib advapi32.lib shell32.lib ole32.lib oleaut32.lib uuid.lib odbc32.lib odbccp32.lib /MANIFEST /ManifestFile:"C:\Users\Administrator\Documents\GitHub\SWMaestro---Social-Smart-Game\SketchGame\Debug.win32\SketchGame.win32.exe.intermediate.manifest" /MANIFESTUAC:"level='asInvoker' uiAccess='false'" /DEBUG /PDB:"C:\Users\Administrator\Documents\GitHub\SWMaestro---Social-Smart-Game\SketchGame\Debug.win32\SketchGame.win32.pdb" /SUBSYSTEM:WINDOWS /TLBID:1 /DYNAMICBASE /NXCOMPAT /IMPLIB:"C:\Users\Administrator\Documents\GitHub\SWMaestro---Social-Smart-Game\SketchGame\Debug.win32\SketchGame.win32.lib" /MACHINE:X86 Debug.win32\SketchGame.res
         Debug.win32\AppDelegate.obj
         Debug.win32\SGBackground.obj
         Debug.win32\SGHero.obj
         Debug.win32\SGHidableObject.obj
         Debug.win32\SGMonster.obj
         Debug.win32\SketchGameScene.obj
         Debug.win32\SketchTitleScene.obj
         Debug.win32\main.obj
         LINK : C:\Users\Administrator\Documents\GitHub\SWMaestro---Social-Smart-Game\SketchGame\Debug.win32\SketchGame.win32.exe을(를) 찾을 수 없거나 마지막 증분 링크에 의해 빌드되지 않았습니다. 전체 링크를 수행하고 있습니다.
         SketchGame.win32.vcxproj -> C:\Users\Administrator\Documents\GitHub\SWMaestro---Social-Smart-Game\SketchGame\Debug.win32\SketchGame.win32.exe
       FinalizeBuildStatus:
         "Debug.win32\SketchGame.win32.unsuccessfulbuild" 파일을 삭제하고 있습니다.
         "Debug.win32\SketchGame.win32.lastbuildstate"에 연결(touching)하고 있습니다.
     1>"C:\Users\Administrator\Documents\GitHub\SWMaestro---Social-Smart-Game\SketchGame\SketchGame\proj.win32\SketchGame.win32.vcxproj" 프로젝트를 빌드했습니다(Build 대상).

빌드했습니다.

경과 시간: 00:00:01.94
