C:\Users\Administrator\Documents\GitHub\SWMaestro---Social-Smart-Game\SketchGame\Debug.win32\SketchGame.win32.exe.intermediate.manifest
C:\Users\Administrator\Documents\GitHub\SWMaestro---Social-Smart-Game\SketchGame\Debug.win32\SketchGame.win32.pdb
C:\USERS\ADMINISTRATOR\DOCUMENTS\GITHUB\SWMAESTRO---SOCIAL-SMART-GAME\SKETCHGAME\SKETCHGAME\PROJ.WIN32\DEBUG.WIN32\APPDELEGATE.OBJ
C:\Users\Administrator\Documents\GitHub\SWMaestro---Social-Smart-Game\SketchGame\SketchGame\proj.win32\Debug.win32\cl.command.1.tlog
C:\Users\Administrator\Documents\GitHub\SWMaestro---Social-Smart-Game\SketchGame\SketchGame\proj.win32\Debug.win32\CL.read.1.tlog
C:\Users\Administrator\Documents\GitHub\SWMaestro---Social-Smart-Game\SketchGame\SketchGame\proj.win32\Debug.win32\CL.write.1.tlog
C:\USERS\ADMINISTRATOR\DOCUMENTS\GITHUB\SWMAESTRO---SOCIAL-SMART-GAME\SKETCHGAME\SKETCHGAME\PROJ.WIN32\DEBUG.WIN32\HELLOWORLDSCENE.OBJ
C:\Users\Administrator\Documents\GitHub\SWMaestro---Social-Smart-Game\SketchGame\SketchGame\proj.win32\Debug.win32\link.3704.read.1.tlog
C:\Users\Administrator\Documents\GitHub\SWMaestro---Social-Smart-Game\SketchGame\SketchGame\proj.win32\Debug.win32\link.3704.write.1.tlog
C:\Users\Administrator\Documents\GitHub\SWMaestro---Social-Smart-Game\SketchGame\SketchGame\proj.win32\Debug.win32\link.3704-cvtres.read.1.tlog
C:\Users\Administrator\Documents\GitHub\SWMaestro---Social-Smart-Game\SketchGame\SketchGame\proj.win32\Debug.win32\link.3704-cvtres.write.1.tlog
C:\Users\Administrator\Documents\GitHub\SWMaestro---Social-Smart-Game\SketchGame\SketchGame\proj.win32\Debug.win32\link.4972.read.1.tlog
C:\Users\Administrator\Documents\GitHub\SWMaestro---Social-Smart-Game\SketchGame\SketchGame\proj.win32\Debug.win32\link.4972.write.1.tlog
C:\Users\Administrator\Documents\GitHub\SWMaestro---Social-Smart-Game\SketchGame\SketchGame\proj.win32\Debug.win32\link.4972-cvtres.read.1.tlog
C:\Users\Administrator\Documents\GitHub\SWMaestro---Social-Smart-Game\SketchGame\SketchGame\proj.win32\Debug.win32\link.4972-cvtres.write.1.tlog
C:\Users\Administrator\Documents\GitHub\SWMaestro---Social-Smart-Game\SketchGame\SketchGame\proj.win32\Debug.win32\link.6968.read.1.tlog
C:\Users\Administrator\Documents\GitHub\SWMaestro---Social-Smart-Game\SketchGame\SketchGame\proj.win32\Debug.win32\link.6968.write.1.tlog
C:\Users\Administrator\Documents\GitHub\SWMaestro---Social-Smart-Game\SketchGame\SketchGame\proj.win32\Debug.win32\link.6968-cvtres.read.1.tlog
C:\Users\Administrator\Documents\GitHub\SWMaestro---Social-Smart-Game\SketchGame\SketchGame\proj.win32\Debug.win32\link.6968-cvtres.write.1.tlog
C:\Users\Administrator\Documents\GitHub\SWMaestro---Social-Smart-Game\SketchGame\SketchGame\proj.win32\Debug.win32\link.7172.read.1.tlog
C:\Users\Administrator\Documents\GitHub\SWMaestro---Social-Smart-Game\SketchGame\SketchGame\proj.win32\Debug.win32\link.7172.write.1.tlog
C:\Users\Administrator\Documents\GitHub\SWMaestro---Social-Smart-Game\SketchGame\SketchGame\proj.win32\Debug.win32\link.7172-cvtres.read.1.tlog
C:\Users\Administrator\Documents\GitHub\SWMaestro---Social-Smart-Game\SketchGame\SketchGame\proj.win32\Debug.win32\link.7172-cvtres.write.1.tlog
C:\Users\Administrator\Documents\GitHub\SWMaestro---Social-Smart-Game\SketchGame\SketchGame\proj.win32\Debug.win32\link.7188.read.1.tlog
C:\Users\Administrator\Documents\GitHub\SWMaestro---Social-Smart-Game\SketchGame\SketchGame\proj.win32\Debug.win32\link.7188.write.1.tlog
C:\Users\Administrator\Documents\GitHub\SWMaestro---Social-Smart-Game\SketchGame\SketchGame\proj.win32\Debug.win32\link.7188-cvtres.read.1.tlog
C:\Users\Administrator\Documents\GitHub\SWMaestro---Social-Smart-Game\SketchGame\SketchGame\proj.win32\Debug.win32\link.7188-cvtres.write.1.tlog
C:\Users\Administrator\Documents\GitHub\SWMaestro---Social-Smart-Game\SketchGame\SketchGame\proj.win32\Debug.win32\link.7200.read.1.tlog
C:\Users\Administrator\Documents\GitHub\SWMaestro---Social-Smart-Game\SketchGame\SketchGame\proj.win32\Debug.win32\link.7200.write.1.tlog
C:\Users\Administrator\Documents\GitHub\SWMaestro---Social-Smart-Game\SketchGame\SketchGame\proj.win32\Debug.win32\link.7200-cvtres.read.1.tlog
C:\Users\Administrator\Documents\GitHub\SWMaestro---Social-Smart-Game\SketchGame\SketchGame\proj.win32\Debug.win32\link.7200-cvtres.write.1.tlog
C:\Users\Administrator\Documents\GitHub\SWMaestro---Social-Smart-Game\SketchGame\SketchGame\proj.win32\Debug.win32\link.7684.read.1.tlog
C:\Users\Administrator\Documents\GitHub\SWMaestro---Social-Smart-Game\SketchGame\SketchGame\proj.win32\Debug.win32\link.7684.write.1.tlog
C:\Users\Administrator\Documents\GitHub\SWMaestro---Social-Smart-Game\SketchGame\SketchGame\proj.win32\Debug.win32\link.7684-cvtres.read.1.tlog
C:\Users\Administrator\Documents\GitHub\SWMaestro---Social-Smart-Game\SketchGame\SketchGame\proj.win32\Debug.win32\link.7684-cvtres.write.1.tlog
C:\Users\Administrator\Documents\GitHub\SWMaestro---Social-Smart-Game\SketchGame\SketchGame\proj.win32\Debug.win32\link.7824.read.1.tlog
C:\Users\Administrator\Documents\GitHub\SWMaestro---Social-Smart-Game\SketchGame\SketchGame\proj.win32\Debug.win32\link.7824.write.1.tlog
C:\Users\Administrator\Documents\GitHub\SWMaestro---Social-Smart-Game\SketchGame\SketchGame\proj.win32\Debug.win32\link.7824-cvtres.read.1.tlog
C:\Users\Administrator\Documents\GitHub\SWMaestro---Social-Smart-Game\SketchGame\SketchGame\proj.win32\Debug.win32\link.7824-cvtres.write.1.tlog
C:\Users\Administrator\Documents\GitHub\SWMaestro---Social-Smart-Game\SketchGame\SketchGame\proj.win32\Debug.win32\link.8596.read.1.tlog
C:\Users\Administrator\Documents\GitHub\SWMaestro---Social-Smart-Game\SketchGame\SketchGame\proj.win32\Debug.win32\link.8596.write.1.tlog
C:\Users\Administrator\Documents\GitHub\SWMaestro---Social-Smart-Game\SketchGame\SketchGame\proj.win32\Debug.win32\link.8596-cvtres.read.1.tlog
C:\Users\Administrator\Documents\GitHub\SWMaestro---Social-Smart-Game\SketchGame\SketchGame\proj.win32\Debug.win32\link.8596-cvtres.write.1.tlog
C:\Users\Administrator\Documents\GitHub\SWMaestro---Social-Smart-Game\SketchGame\SketchGame\proj.win32\Debug.win32\link.8784.read.1.tlog
C:\Users\Administrator\Documents\GitHub\SWMaestro---Social-Smart-Game\SketchGame\SketchGame\proj.win32\Debug.win32\link.8784.write.1.tlog
C:\Users\Administrator\Documents\GitHub\SWMaestro---Social-Smart-Game\SketchGame\SketchGame\proj.win32\Debug.win32\link.8784-cvtres.read.1.tlog
C:\Users\Administrator\Documents\GitHub\SWMaestro---Social-Smart-Game\SketchGame\SketchGame\proj.win32\Debug.win32\link.8784-cvtres.write.1.tlog
C:\Users\Administrator\Documents\GitHub\SWMaestro---Social-Smart-Game\SketchGame\SketchGame\proj.win32\Debug.win32\link.command.1.tlog
C:\Users\Administrator\Documents\GitHub\SWMaestro---Social-Smart-Game\SketchGame\SketchGame\proj.win32\Debug.win32\link.read.1.tlog
C:\Users\Administrator\Documents\GitHub\SWMaestro---Social-Smart-Game\SketchGame\SketchGame\proj.win32\Debug.win32\link.write.1.tlog
C:\Users\Administrator\Documents\GitHub\SWMaestro---Social-Smart-Game\SketchGame\SketchGame\proj.win32\Debug.win32\link-cvtres.read.1.tlog
C:\Users\Administrator\Documents\GitHub\SWMaestro---Social-Smart-Game\SketchGame\SketchGame\proj.win32\Debug.win32\link-cvtres.write.1.tlog
C:\USERS\ADMINISTRATOR\DOCUMENTS\GITHUB\SWMAESTRO---SOCIAL-SMART-GAME\SKETCHGAME\SKETCHGAME\PROJ.WIN32\DEBUG.WIN32\MAIN.OBJ
C:\Users\Administrator\Documents\GitHub\SWMaestro---Social-Smart-Game\SketchGame\SketchGame\proj.win32\Debug.win32\rc.command.1.tlog
C:\Users\Administrator\Documents\GitHub\SWMaestro---Social-Smart-Game\SketchGame\SketchGame\proj.win32\Debug.win32\rc.read.1.tlog
C:\Users\Administrator\Documents\GitHub\SWMaestro---Social-Smart-Game\SketchGame\SketchGame\proj.win32\Debug.win32\rc.write.1.tlog
C:\USERS\ADMINISTRATOR\DOCUMENTS\GITHUB\SWMAESTRO---SOCIAL-SMART-GAME\SKETCHGAME\SKETCHGAME\PROJ.WIN32\DEBUG.WIN32\SGBACKGROUND.OBJ
C:\USERS\ADMINISTRATOR\DOCUMENTS\GITHUB\SWMAESTRO---SOCIAL-SMART-GAME\SKETCHGAME\SKETCHGAME\PROJ.WIN32\DEBUG.WIN32\SGHERO.OBJ
C:\USERS\ADMINISTRATOR\DOCUMENTS\GITHUB\SWMAESTRO---SOCIAL-SMART-GAME\SKETCHGAME\SKETCHGAME\PROJ.WIN32\DEBUG.WIN32\SGHIDABLEOBJECT.OBJ
C:\USERS\ADMINISTRATOR\DOCUMENTS\GITHUB\SWMAESTRO---SOCIAL-SMART-GAME\SKETCHGAME\SKETCHGAME\PROJ.WIN32\DEBUG.WIN32\SGMONSTER.OBJ
C:\USERS\ADMINISTRATOR\DOCUMENTS\GITHUB\SWMAESTRO---SOCIAL-SMART-GAME\SKETCHGAME\SKETCHGAME\PROJ.WIN32\DEBUG.WIN32\SGOPTIONSCENE.OBJ
C:\USERS\ADMINISTRATOR\DOCUMENTS\GITHUB\SWMAESTRO---SOCIAL-SMART-GAME\SKETCHGAME\SKETCHGAME\PROJ.WIN32\DEBUG.WIN32\SGSAVEDATA.OBJ
C:\USERS\ADMINISTRATOR\DOCUMENTS\GITHUB\SWMAESTRO---SOCIAL-SMART-GAME\SKETCHGAME\SKETCHGAME\PROJ.WIN32\DEBUG.WIN32\SGSIGNSCENE.OBJ
C:\USERS\ADMINISTRATOR\DOCUMENTS\GITHUB\SWMAESTRO---SOCIAL-SMART-GAME\SKETCHGAME\SKETCHGAME\PROJ.WIN32\DEBUG.WIN32\SGSOUND.OBJ
C:\USERS\ADMINISTRATOR\DOCUMENTS\GITHUB\SWMAESTRO---SOCIAL-SMART-GAME\SKETCHGAME\SKETCHGAME\PROJ.WIN32\DEBUG.WIN32\SGUPGRADESCENE.OBJ
C:\USERS\ADMINISTRATOR\DOCUMENTS\GITHUB\SWMAESTRO---SOCIAL-SMART-GAME\SKETCHGAME\SKETCHGAME\PROJ.WIN32\DEBUG.WIN32\SKETCHGAME.RES
C:\Users\Administrator\Documents\GitHub\SWMaestro---Social-Smart-Game\SketchGame\SketchGame\proj.win32\Debug.win32\SketchGame.win32.exe.embed.manifest.res
C:\USERS\ADMINISTRATOR\DOCUMENTS\GITHUB\SWMAESTRO---SOCIAL-SMART-GAME\SKETCHGAME\SKETCHGAME\PROJ.WIN32\DEBUG.WIN32\SKETCHGAMESCENE.OBJ
C:\USERS\ADMINISTRATOR\DOCUMENTS\GITHUB\SWMAESTRO---SOCIAL-SMART-GAME\SKETCHGAME\SKETCHGAME\PROJ.WIN32\DEBUG.WIN32\SKETCHTITLESCENE.OBJ
C:\Users\Administrator\Documents\GitHub\SWMaestro---Social-Smart-Game\SketchGame\SketchGame\proj.win32\Debug.win32\vc110.idb
C:\USERS\ADMINISTRATOR\DOCUMENTS\GITHUB\SWMAESTRO---SOCIAL-SMART-GAME\SKETCHGAME\SKETCHGAME\PROJ.WIN32\DEBUG.WIN32\VC110.PDB
